<?xml version="1.0" encoding="UTF-8"?>
<!-- Generated by org.testng.reporters.JUnitReportReporter -->
<testsuite hostname="SL-1142" name="com.yourcompany.SampleSauceTest" tests="1" failures="0" timestamp="13 May 2020 20:21:47 GMT" time="77.855" errors="0">
  <testcase name="main" time="77.855" classname="com.yourcompany.SampleSauceTest"/>
</testsuite> <!-- com.yourcompany.SampleSauceTest -->
